

Version:	3.8
CmdLine:	D:\gestion des produit v6\src\gestion\des\produit\icon\G-tech.exe --l4j-debug
WOW64:		yes
Working dir:	D:\gestion des produit v6\src\gestion\des\produit\icon\.
Bundled JRE:	jre1.8.0_251
Check launcher:	D:\gestion des produit v6\src\gestion\des\produit\icon\jre1.8.0_251\bin\javaw.exe (not found)
Error msg:	This application was configured to use a bundled Java Runtime Environment but the runtime is missing or corrupted.


Version:	3.8
CmdLine:	D:\gestion des produit v6\src\gestion\des\produit\icon\G-tech.exe --l4j-debug
WOW64:		yes
Working dir:	D:\gestion des produit v6\src\gestion\des\produit\icon\.
Bundled JRE:	jre1.8.0_251
Check launcher:	D:\gestion des produit v6\src\gestion\des\produit\icon\jre1.8.0_251\bin\javaw.exe (not found)
Error msg:	This application was configured to use a bundled Java Runtime Environment but the runtime is missing or corrupted.


Version:	3.8
CmdLine:	D:\gestion des produit v6\src\gestion\des\produit\icon\G-tech.exe --l4j-debug
WOW64:		yes
Working dir:	D:\gestion des produit v6\src\gestion\des\produit\icon\.
Bundled JRE:	jre1.8.0_251
Check launcher:	D:\gestion des produit v6\src\gestion\des\produit\icon\jre1.8.0_251\bin\javaw.exe (not found)
Error msg:	This application was configured to use a bundled Java Runtime Environment but the runtime is missing or corrupted.
